C:\USERS\MAVRICKIT-18\DOCUMENTS\SAJIB AHMED\EXERCISE\EHM\DEBUG\EHM.EXE
C:\USERS\MAVRICKIT-18\DOCUMENTS\SAJIB AHMED\EXERCISE\EHM\DEBUG\EHM.ILK
C:\USERS\MAVRICKIT-18\DOCUMENTS\SAJIB AHMED\EXERCISE\EHM\DEBUG\EHM.PDB
C:\USERS\MAVRICKIT-18\DOCUMENTS\SAJIB AHMED\EXERCISE\EHM\EHM\DEBUG\.NETFRAMEWORK,VERSION=V4.0.ASSEMBLYATTRIBUTES.OBJ
C:\USERS\MAVRICKIT-18\DOCUMENTS\SAJIB AHMED\EXERCISE\EHM\EHM\DEBUG\ABOUTUS.OBJ
C:\USERS\MAVRICKIT-18\DOCUMENTS\SAJIB AHMED\EXERCISE\EHM\EHM\DEBUG\ACCESSALLCITIES.OBJ
C:\USERS\MAVRICKIT-18\DOCUMENTS\SAJIB AHMED\EXERCISE\EHM\EHM\DEBUG\ADMIN.OBJ
C:\USERS\MAVRICKIT-18\DOCUMENTS\SAJIB AHMED\EXERCISE\EHM\EHM\DEBUG\ADMINPAGE.OBJ
C:\USERS\MAVRICKIT-18\DOCUMENTS\SAJIB AHMED\EXERCISE\EHM\EHM\DEBUG\APP.RES
C:\USERS\MAVRICKIT-18\DOCUMENTS\SAJIB AHMED\EXERCISE\EHM\EHM\DEBUG\ASSEMBLYINFO.OBJ
C:\USERS\MAVRICKIT-18\DOCUMENTS\SAJIB AHMED\EXERCISE\EHM\EHM\DEBUG\CHANGECITYINFO.OBJ
C:\USERS\MAVRICKIT-18\DOCUMENTS\SAJIB AHMED\EXERCISE\EHM\EHM\DEBUG\CHANGECITYNAME.OBJ
C:\USERS\MAVRICKIT-18\DOCUMENTS\SAJIB AHMED\EXERCISE\EHM\EHM\DEBUG\CHANGEUSERINFO.OBJ
C:\USERS\MAVRICKIT-18\DOCUMENTS\SAJIB AHMED\EXERCISE\EHM\EHM\DEBUG\CITYDATAANALYSIS.OBJ
C:\USERS\MAVRICKIT-18\DOCUMENTS\SAJIB AHMED\EXERCISE\EHM\EHM\DEBUG\CITYPHYSICALENVIRONMENTANDINFRASTRUCTURE.OBJ
C:\USERS\MAVRICKIT-18\DOCUMENTS\SAJIB AHMED\EXERCISE\EHM\EHM\DEBUG\COMMENTSECONOMIC.OBJ
C:\USERS\MAVRICKIT-18\DOCUMENTS\SAJIB AHMED\EXERCISE\EHM\EHM\DEBUG\CONTACTUS.OBJ
C:\USERS\MAVRICKIT-18\DOCUMENTS\SAJIB AHMED\EXERCISE\EHM\EHM\DEBUG\DATABASE.OBJ
C:\USERS\MAVRICKIT-18\DOCUMENTS\SAJIB AHMED\EXERCISE\EHM\EHM\DEBUG\DATAECONOMIC.OBJ
C:\USERS\MAVRICKIT-18\DOCUMENTS\SAJIB AHMED\EXERCISE\EHM\EHM\DEBUG\DATAGOVERNANCE.OBJ
C:\USERS\MAVRICKIT-18\DOCUMENTS\SAJIB AHMED\EXERCISE\EHM\EHM\DEBUG\DATAHEALTHCAREOUTCOMES.OBJ
C:\USERS\MAVRICKIT-18\DOCUMENTS\SAJIB AHMED\EXERCISE\EHM\EHM\DEBUG\DATAPHYSICALENVIRONMENTANDINFRASTRUCTURE.OBJ
C:\USERS\MAVRICKIT-18\DOCUMENTS\SAJIB AHMED\EXERCISE\EHM\EHM\DEBUG\DATASOCIALANDHUMANDEVELOPMENT.OBJ
C:\USERS\MAVRICKIT-18\DOCUMENTS\SAJIB AHMED\EXERCISE\EHM\EHM\DEBUG\DELETECITY.OBJ
C:\USERS\MAVRICKIT-18\DOCUMENTS\SAJIB AHMED\EXERCISE\EHM\EHM\DEBUG\DELETEUSER.OBJ
C:\USERS\MAVRICKIT-18\DOCUMENTS\SAJIB AHMED\EXERCISE\EHM\EHM\DEBUG\DISPALYECONOMIC.OBJ
C:\USERS\MAVRICKIT-18\DOCUMENTS\SAJIB AHMED\EXERCISE\EHM\EHM\DEBUG\DISPALYGOVERNANCE.OBJ
C:\USERS\MAVRICKIT-18\DOCUMENTS\SAJIB AHMED\EXERCISE\EHM\EHM\DEBUG\DISPALYHEALTHCAREOUTCOMES.OBJ
C:\USERS\MAVRICKIT-18\DOCUMENTS\SAJIB AHMED\EXERCISE\EHM\EHM\DEBUG\DISPALYPHYSICALENVIRONMENTANDINFRASTRUCTURE.OBJ
C:\USERS\MAVRICKIT-18\DOCUMENTS\SAJIB AHMED\EXERCISE\EHM\EHM\DEBUG\DISPALYSOCIALANDHUMANDEVELOPMENT.OBJ
C:\USERS\MAVRICKIT-18\DOCUMENTS\SAJIB AHMED\EXERCISE\EHM\EHM\DEBUG\ECONOMIC.OBJ
C:\USERS\MAVRICKIT-18\DOCUMENTS\SAJIB AHMED\EXERCISE\EHM\EHM\DEBUG\EHM.ABOUTUS.RESOURCES
C:\USERS\MAVRICKIT-18\DOCUMENTS\SAJIB AHMED\EXERCISE\EHM\EHM\DEBUG\EHM.ACCESSALLCITIES.RESOURCES
C:\USERS\MAVRICKIT-18\DOCUMENTS\SAJIB AHMED\EXERCISE\EHM\EHM\DEBUG\EHM.ADMINPAGE.RESOURCES
C:\USERS\MAVRICKIT-18\DOCUMENTS\SAJIB AHMED\EXERCISE\EHM\EHM\DEBUG\EHM.CHANGECITYINFO.RESOURCES
C:\USERS\MAVRICKIT-18\DOCUMENTS\SAJIB AHMED\EXERCISE\EHM\EHM\DEBUG\EHM.CHANGECITYNAME.RESOURCES
C:\USERS\MAVRICKIT-18\DOCUMENTS\SAJIB AHMED\EXERCISE\EHM\EHM\DEBUG\EHM.CHANGEUSERINFO.RESOURCES
C:\USERS\MAVRICKIT-18\DOCUMENTS\SAJIB AHMED\EXERCISE\EHM\EHM\DEBUG\EHM.CONTACTUS.RESOURCES
C:\USERS\MAVRICKIT-18\DOCUMENTS\SAJIB AHMED\EXERCISE\EHM\EHM\DEBUG\EHM.DATABASE.RESOURCES
C:\USERS\MAVRICKIT-18\DOCUMENTS\SAJIB AHMED\EXERCISE\EHM\EHM\DEBUG\EHM.DATAECONOMIC.RESOURCES
C:\USERS\MAVRICKIT-18\DOCUMENTS\SAJIB AHMED\EXERCISE\EHM\EHM\DEBUG\EHM.DATAGOVERNANCE.RESOURCES
C:\USERS\MAVRICKIT-18\DOCUMENTS\SAJIB AHMED\EXERCISE\EHM\EHM\DEBUG\EHM.DATAHEALTHCAREOUTCOMES.RESOURCES
C:\USERS\MAVRICKIT-18\DOCUMENTS\SAJIB AHMED\EXERCISE\EHM\EHM\DEBUG\EHM.DATAPHYSICALENVIRONMENTANDINFRASTRUCTURE.RESOURCES
C:\USERS\MAVRICKIT-18\DOCUMENTS\SAJIB AHMED\EXERCISE\EHM\EHM\DEBUG\EHM.DATASOCIALANDHUMANDEVELOPMENT.RESOURCES
C:\USERS\MAVRICKIT-18\DOCUMENTS\SAJIB AHMED\EXERCISE\EHM\EHM\DEBUG\EHM.DELETECITY.RESOURCES
C:\USERS\MAVRICKIT-18\DOCUMENTS\SAJIB AHMED\EXERCISE\EHM\EHM\DEBUG\EHM.DELETEUSER.RESOURCES
C:\USERS\MAVRICKIT-18\DOCUMENTS\SAJIB AHMED\EXERCISE\EHM\EHM\DEBUG\EHM.DISPALYECONOMIC.RESOURCES
C:\USERS\MAVRICKIT-18\DOCUMENTS\SAJIB AHMED\EXERCISE\EHM\EHM\DEBUG\EHM.DISPALYGOVERNANCE.RESOURCES
C:\USERS\MAVRICKIT-18\DOCUMENTS\SAJIB AHMED\EXERCISE\EHM\EHM\DEBUG\EHM.DISPALYHEALTHCAREOUTCOMES.RESOURCES
C:\USERS\MAVRICKIT-18\DOCUMENTS\SAJIB AHMED\EXERCISE\EHM\EHM\DEBUG\EHM.DISPALYPHYSICALENVIRONMENTANDINFRASTRUCTURE.RESOURCES
C:\USERS\MAVRICKIT-18\DOCUMENTS\SAJIB AHMED\EXERCISE\EHM\EHM\DEBUG\EHM.DISPALYSOCIALANDHUMANDEVELOPMENT.RESOURCES
C:\USERS\MAVRICKIT-18\DOCUMENTS\SAJIB AHMED\EXERCISE\EHM\EHM\DEBUG\EHM.ECONOMIC.RESOURCES
C:\USERS\MAVRICKIT-18\DOCUMENTS\SAJIB AHMED\EXERCISE\EHM\EHM\DEBUG\EHM.EXE.INTERMEDIATE.MANIFEST
C:\USERS\MAVRICKIT-18\DOCUMENTS\SAJIB AHMED\EXERCISE\EHM\EHM\DEBUG\EHM.GOVERNANCE.RESOURCES
C:\USERS\MAVRICKIT-18\DOCUMENTS\SAJIB AHMED\EXERCISE\EHM\EHM\DEBUG\EHM.HEALTH CARE OUTCOMES.RESOURCES
C:\USERS\MAVRICKIT-18\DOCUMENTS\SAJIB AHMED\EXERCISE\EHM\EHM\DEBUG\EHM.LOGIN.RESOURCES
C:\USERS\MAVRICKIT-18\DOCUMENTS\SAJIB AHMED\EXERCISE\EHM\EHM\DEBUG\EHM.MANAGERPAGE.RESOURCES
C:\USERS\MAVRICKIT-18\DOCUMENTS\SAJIB AHMED\EXERCISE\EHM\EHM\DEBUG\EHM.NEWCITY.RESOURCES
C:\USERS\MAVRICKIT-18\DOCUMENTS\SAJIB AHMED\EXERCISE\EHM\EHM\DEBUG\EHM.OBJ
C:\USERS\MAVRICKIT-18\DOCUMENTS\SAJIB AHMED\EXERCISE\EHM\EHM\DEBUG\EHM.PCH
C:\USERS\MAVRICKIT-18\DOCUMENTS\SAJIB AHMED\EXERCISE\EHM\EHM\DEBUG\EHM.PHYSICAL ENVIRONMENT AND INFRASTRUCTURE.RESOURCES
C:\USERS\MAVRICKIT-18\DOCUMENTS\SAJIB AHMED\EXERCISE\EHM\EHM\DEBUG\EHM.REGISTRATION.RESOURCES
C:\USERS\MAVRICKIT-18\DOCUMENTS\SAJIB AHMED\EXERCISE\EHM\EHM\DEBUG\EHM.SOCIAL AND HUMAN DEVELOPMENT.RESOURCES
C:\USERS\MAVRICKIT-18\DOCUMENTS\SAJIB AHMED\EXERCISE\EHM\EHM\DEBUG\GOVERNANCE.OBJ
C:\USERS\MAVRICKIT-18\DOCUMENTS\SAJIB AHMED\EXERCISE\EHM\EHM\DEBUG\HEALTH CARE OUTCOMES.OBJ
C:\USERS\MAVRICKIT-18\DOCUMENTS\SAJIB AHMED\EXERCISE\EHM\EHM\DEBUG\HELPFILE.OBJ
C:\USERS\MAVRICKIT-18\DOCUMENTS\SAJIB AHMED\EXERCISE\EHM\EHM\DEBUG\LOGIN.OBJ
C:\USERS\MAVRICKIT-18\DOCUMENTS\SAJIB AHMED\EXERCISE\EHM\EHM\DEBUG\MANAGER.OBJ
C:\USERS\MAVRICKIT-18\DOCUMENTS\SAJIB AHMED\EXERCISE\EHM\EHM\DEBUG\MANAGERPAGE.OBJ
C:\USERS\MAVRICKIT-18\DOCUMENTS\SAJIB AHMED\EXERCISE\EHM\EHM\DEBUG\NEWCITY.OBJ
C:\USERS\MAVRICKIT-18\DOCUMENTS\SAJIB AHMED\EXERCISE\EHM\EHM\DEBUG\PHYSICAL ENVIRONMENT AND INFRASTRUCTURE.OBJ
C:\USERS\MAVRICKIT-18\DOCUMENTS\SAJIB AHMED\EXERCISE\EHM\EHM\DEBUG\REGISTRATION.OBJ
C:\USERS\MAVRICKIT-18\DOCUMENTS\SAJIB AHMED\EXERCISE\EHM\EHM\DEBUG\SOCIAL AND HUMAN DEVELOPMENT.OBJ
C:\USERS\MAVRICKIT-18\DOCUMENTS\SAJIB AHMED\EXERCISE\EHM\EHM\DEBUG\STDAFX.OBJ
C:\USERS\MAVRICKIT-18\DOCUMENTS\SAJIB AHMED\EXERCISE\EHM\EHM\DEBUG\VC100.PDB
C:\USERS\NAYAN\DESKTOP\EHM\DEBUG\EHM.EXE
C:\USERS\NAYAN\DESKTOP\EHM\DEBUG\EHM.ILK
C:\USERS\NAYAN\DESKTOP\EHM\DEBUG\EHM.PDB
C:\USERS\NAYAN\DESKTOP\EHM\EHM\DEBUG\.NETFRAMEWORK,VERSION=V4.0.ASSEMBLYATTRIBUTES.OBJ
C:\USERS\NAYAN\DESKTOP\EHM\EHM\DEBUG\ABOUTUS.OBJ
C:\USERS\NAYAN\DESKTOP\EHM\EHM\DEBUG\ACCESSALLCITIES.OBJ
C:\USERS\NAYAN\DESKTOP\EHM\EHM\DEBUG\ADMIN.OBJ
C:\USERS\NAYAN\DESKTOP\EHM\EHM\DEBUG\ADMINPAGE.OBJ
C:\USERS\NAYAN\DESKTOP\EHM\EHM\DEBUG\APP.RES
C:\USERS\NAYAN\DESKTOP\EHM\EHM\DEBUG\ASSEMBLYINFO.OBJ
C:\USERS\NAYAN\DESKTOP\EHM\EHM\DEBUG\CHANGECITYINFO.OBJ
C:\USERS\NAYAN\DESKTOP\EHM\EHM\DEBUG\CHANGECITYNAME.OBJ
C:\USERS\NAYAN\DESKTOP\EHM\EHM\DEBUG\CHANGEUSERINFO.OBJ
C:\USERS\NAYAN\DESKTOP\EHM\EHM\DEBUG\CITYDATAANALYSIS.OBJ
C:\USERS\NAYAN\DESKTOP\EHM\EHM\DEBUG\CITYPHYSICALENVIRONMENTANDINFRASTRUCTURE.OBJ
C:\Users\nayan\Desktop\EHM\EHM\Debug\cl.command.1.tlog
C:\Users\nayan\Desktop\EHM\EHM\Debug\CL.read.1.tlog
C:\Users\nayan\Desktop\EHM\EHM\Debug\CL.write.1.tlog
C:\USERS\NAYAN\DESKTOP\EHM\EHM\DEBUG\COMMENTSECONOMIC.OBJ
C:\USERS\NAYAN\DESKTOP\EHM\EHM\DEBUG\CONTACTUS.OBJ
C:\USERS\NAYAN\DESKTOP\EHM\EHM\DEBUG\DATABASE.OBJ
C:\USERS\NAYAN\DESKTOP\EHM\EHM\DEBUG\DATAECONOMIC.OBJ
C:\USERS\NAYAN\DESKTOP\EHM\EHM\DEBUG\DATAGOVERNANCE.OBJ
C:\USERS\NAYAN\DESKTOP\EHM\EHM\DEBUG\DATAHEALTHCAREOUTCOMES.OBJ
C:\USERS\NAYAN\DESKTOP\EHM\EHM\DEBUG\DATAPHYSICALENVIRONMENTANDINFRASTRUCTURE.OBJ
C:\USERS\NAYAN\DESKTOP\EHM\EHM\DEBUG\DATASOCIALANDHUMANDEVELOPMENT.OBJ
C:\USERS\NAYAN\DESKTOP\EHM\EHM\DEBUG\DELETECITY.OBJ
C:\USERS\NAYAN\DESKTOP\EHM\EHM\DEBUG\DELETEUSER.OBJ
C:\USERS\NAYAN\DESKTOP\EHM\EHM\DEBUG\DISPALYECONOMIC.OBJ
C:\USERS\NAYAN\DESKTOP\EHM\EHM\DEBUG\DISPALYGOVERNANCE.OBJ
C:\USERS\NAYAN\DESKTOP\EHM\EHM\DEBUG\DISPALYHEALTHCAREOUTCOMES.OBJ
C:\USERS\NAYAN\DESKTOP\EHM\EHM\DEBUG\DISPALYPHYSICALENVIRONMENTANDINFRASTRUCTURE.OBJ
C:\USERS\NAYAN\DESKTOP\EHM\EHM\DEBUG\DISPALYSOCIALANDHUMANDEVELOPMENT.OBJ
C:\USERS\NAYAN\DESKTOP\EHM\EHM\DEBUG\ECONOMIC.OBJ
C:\USERS\NAYAN\DESKTOP\EHM\EHM\DEBUG\EHM.ABOUTUS.RESOURCES
C:\USERS\NAYAN\DESKTOP\EHM\EHM\DEBUG\EHM.ACCESSALLCITIES.RESOURCES
C:\USERS\NAYAN\DESKTOP\EHM\EHM\DEBUG\EHM.ADMINPAGE.RESOURCES
C:\USERS\NAYAN\DESKTOP\EHM\EHM\DEBUG\EHM.CHANGECITYINFO.RESOURCES
C:\USERS\NAYAN\DESKTOP\EHM\EHM\DEBUG\EHM.CHANGECITYNAME.RESOURCES
C:\USERS\NAYAN\DESKTOP\EHM\EHM\DEBUG\EHM.CHANGEUSERINFO.RESOURCES
C:\USERS\NAYAN\DESKTOP\EHM\EHM\DEBUG\EHM.CONTACTUS.RESOURCES
C:\USERS\NAYAN\DESKTOP\EHM\EHM\DEBUG\EHM.DATABASE.RESOURCES
C:\USERS\NAYAN\DESKTOP\EHM\EHM\DEBUG\EHM.DATAECONOMIC.RESOURCES
C:\USERS\NAYAN\DESKTOP\EHM\EHM\DEBUG\EHM.DATAGOVERNANCE.RESOURCES
C:\USERS\NAYAN\DESKTOP\EHM\EHM\DEBUG\EHM.DATAHEALTHCAREOUTCOMES.RESOURCES
C:\USERS\NAYAN\DESKTOP\EHM\EHM\DEBUG\EHM.DATAPHYSICALENVIRONMENTANDINFRASTRUCTURE.RESOURCES
C:\USERS\NAYAN\DESKTOP\EHM\EHM\DEBUG\EHM.DATASOCIALANDHUMANDEVELOPMENT.RESOURCES
C:\USERS\NAYAN\DESKTOP\EHM\EHM\DEBUG\EHM.DELETECITY.RESOURCES
C:\USERS\NAYAN\DESKTOP\EHM\EHM\DEBUG\EHM.DELETEUSER.RESOURCES
C:\USERS\NAYAN\DESKTOP\EHM\EHM\DEBUG\EHM.DISPALYECONOMIC.RESOURCES
C:\USERS\NAYAN\DESKTOP\EHM\EHM\DEBUG\EHM.DISPALYGOVERNANCE.RESOURCES
C:\USERS\NAYAN\DESKTOP\EHM\EHM\DEBUG\EHM.DISPALYHEALTHCAREOUTCOMES.RESOURCES
C:\USERS\NAYAN\DESKTOP\EHM\EHM\DEBUG\EHM.DISPALYPHYSICALENVIRONMENTANDINFRASTRUCTURE.RESOURCES
C:\USERS\NAYAN\DESKTOP\EHM\EHM\DEBUG\EHM.DISPALYSOCIALANDHUMANDEVELOPMENT.RESOURCES
C:\USERS\NAYAN\DESKTOP\EHM\EHM\DEBUG\EHM.ECONOMIC.RESOURCES
C:\USERS\NAYAN\DESKTOP\EHM\EHM\DEBUG\EHM.EXE.INTERMEDIATE.MANIFEST
C:\USERS\NAYAN\DESKTOP\EHM\EHM\DEBUG\EHM.GOVERNANCE.RESOURCES
C:\USERS\NAYAN\DESKTOP\EHM\EHM\DEBUG\EHM.HEALTH CARE OUTCOMES.RESOURCES
C:\USERS\NAYAN\DESKTOP\EHM\EHM\DEBUG\EHM.LOGIN.RESOURCES
C:\USERS\NAYAN\DESKTOP\EHM\EHM\DEBUG\EHM.MANAGERPAGE.RESOURCES
C:\USERS\NAYAN\DESKTOP\EHM\EHM\DEBUG\EHM.NEWCITY.RESOURCES
C:\USERS\NAYAN\DESKTOP\EHM\EHM\DEBUG\EHM.OBJ
C:\USERS\NAYAN\DESKTOP\EHM\EHM\DEBUG\EHM.PCH
C:\USERS\NAYAN\DESKTOP\EHM\EHM\DEBUG\EHM.PHYSICAL ENVIRONMENT AND INFRASTRUCTURE.RESOURCES
C:\USERS\NAYAN\DESKTOP\EHM\EHM\DEBUG\EHM.REGISTRATION.RESOURCES
C:\USERS\NAYAN\DESKTOP\EHM\EHM\DEBUG\EHM.SOCIAL AND HUMAN DEVELOPMENT.RESOURCES
C:\Users\nayan\Desktop\EHM\EHM\Debug\EHM.vcxprojResolveAssemblyReference.cache
C:\Users\nayan\Desktop\EHM\EHM\Debug\EHM.write.1.tlog
C:\Users\nayan\Desktop\EHM\EHM\Debug\GenerateResource.read.1.tlog
C:\Users\nayan\Desktop\EHM\EHM\Debug\GenerateResource.read.105.tlog
C:\Users\nayan\Desktop\EHM\EHM\Debug\GenerateResource.read.116.tlog
C:\Users\nayan\Desktop\EHM\EHM\Debug\GenerateResource.read.127.tlog
C:\Users\nayan\Desktop\EHM\EHM\Debug\GenerateResource.read.135.tlog
C:\Users\nayan\Desktop\EHM\EHM\Debug\GenerateResource.read.147.tlog
C:\Users\nayan\Desktop\EHM\EHM\Debug\GenerateResource.read.158.tlog
C:\Users\nayan\Desktop\EHM\EHM\Debug\GenerateResource.read.20.tlog
C:\Users\nayan\Desktop\EHM\EHM\Debug\GenerateResource.read.23.tlog
C:\Users\nayan\Desktop\EHM\EHM\Debug\GenerateResource.read.36.tlog
C:\Users\nayan\Desktop\EHM\EHM\Debug\GenerateResource.read.44.tlog
C:\Users\nayan\Desktop\EHM\EHM\Debug\GenerateResource.read.47.tlog
C:\Users\nayan\Desktop\EHM\EHM\Debug\GenerateResource.read.55.tlog
C:\Users\nayan\Desktop\EHM\EHM\Debug\GenerateResource.read.58.tlog
C:\Users\nayan\Desktop\EHM\EHM\Debug\GenerateResource.read.66.tlog
C:\Users\nayan\Desktop\EHM\EHM\Debug\GenerateResource.read.69.tlog
C:\Users\nayan\Desktop\EHM\EHM\Debug\GenerateResource.read.76.tlog
C:\Users\nayan\Desktop\EHM\EHM\Debug\GenerateResource.read.83.tlog
C:\Users\nayan\Desktop\EHM\EHM\Debug\GenerateResource.read.95.tlog
C:\Users\nayan\Desktop\EHM\EHM\Debug\GenerateResource.write.1.tlog
C:\Users\nayan\Desktop\EHM\EHM\Debug\GenerateResource.write.105.tlog
C:\Users\nayan\Desktop\EHM\EHM\Debug\GenerateResource.write.116.tlog
C:\Users\nayan\Desktop\EHM\EHM\Debug\GenerateResource.write.127.tlog
C:\Users\nayan\Desktop\EHM\EHM\Debug\GenerateResource.write.135.tlog
C:\Users\nayan\Desktop\EHM\EHM\Debug\GenerateResource.write.147.tlog
C:\Users\nayan\Desktop\EHM\EHM\Debug\GenerateResource.write.158.tlog
C:\Users\nayan\Desktop\EHM\EHM\Debug\GenerateResource.write.20.tlog
C:\Users\nayan\Desktop\EHM\EHM\Debug\GenerateResource.write.23.tlog
C:\Users\nayan\Desktop\EHM\EHM\Debug\GenerateResource.write.36.tlog
C:\Users\nayan\Desktop\EHM\EHM\Debug\GenerateResource.write.44.tlog
C:\Users\nayan\Desktop\EHM\EHM\Debug\GenerateResource.write.47.tlog
C:\Users\nayan\Desktop\EHM\EHM\Debug\GenerateResource.write.55.tlog
C:\Users\nayan\Desktop\EHM\EHM\Debug\GenerateResource.write.58.tlog
C:\Users\nayan\Desktop\EHM\EHM\Debug\GenerateResource.write.66.tlog
C:\Users\nayan\Desktop\EHM\EHM\Debug\GenerateResource.write.69.tlog
C:\Users\nayan\Desktop\EHM\EHM\Debug\GenerateResource.write.76.tlog
C:\Users\nayan\Desktop\EHM\EHM\Debug\GenerateResource.write.83.tlog
C:\Users\nayan\Desktop\EHM\EHM\Debug\GenerateResource.write.95.tlog
C:\USERS\NAYAN\DESKTOP\EHM\EHM\DEBUG\GOVERNANCE.OBJ
C:\USERS\NAYAN\DESKTOP\EHM\EHM\DEBUG\HEALTH CARE OUTCOMES.OBJ
C:\USERS\NAYAN\DESKTOP\EHM\EHM\DEBUG\HELPFILE.OBJ
C:\Users\nayan\Desktop\EHM\EHM\Debug\link.1016.read.1.tlog
C:\Users\nayan\Desktop\EHM\EHM\Debug\link.1016.write.1.tlog
C:\Users\nayan\Desktop\EHM\EHM\Debug\link.1016-cvtres.read.1.tlog
C:\Users\nayan\Desktop\EHM\EHM\Debug\link.1016-cvtres.write.1.tlog
C:\Users\nayan\Desktop\EHM\EHM\Debug\link.1116.read.1.tlog
C:\Users\nayan\Desktop\EHM\EHM\Debug\link.1116.write.1.tlog
C:\Users\nayan\Desktop\EHM\EHM\Debug\link.1116-cvtres.read.1.tlog
C:\Users\nayan\Desktop\EHM\EHM\Debug\link.1116-cvtres.write.1.tlog
C:\Users\nayan\Desktop\EHM\EHM\Debug\link.1188.read.1.tlog
C:\Users\nayan\Desktop\EHM\EHM\Debug\link.1188.write.1.tlog
C:\Users\nayan\Desktop\EHM\EHM\Debug\link.1188-cvtres.read.1.tlog
C:\Users\nayan\Desktop\EHM\EHM\Debug\link.1188-cvtres.write.1.tlog
C:\Users\nayan\Desktop\EHM\EHM\Debug\link.1296.read.1.tlog
C:\Users\nayan\Desktop\EHM\EHM\Debug\link.1296.write.1.tlog
C:\Users\nayan\Desktop\EHM\EHM\Debug\link.1296-cvtres.read.1.tlog
C:\Users\nayan\Desktop\EHM\EHM\Debug\link.1296-cvtres.write.1.tlog
C:\Users\nayan\Desktop\EHM\EHM\Debug\link.1756.read.1.tlog
C:\Users\nayan\Desktop\EHM\EHM\Debug\link.1756.write.1.tlog
C:\Users\nayan\Desktop\EHM\EHM\Debug\link.1756-cvtres.read.1.tlog
C:\Users\nayan\Desktop\EHM\EHM\Debug\link.1756-cvtres.write.1.tlog
C:\Users\nayan\Desktop\EHM\EHM\Debug\link.1996.read.1.tlog
C:\Users\nayan\Desktop\EHM\EHM\Debug\link.1996.write.1.tlog
C:\Users\nayan\Desktop\EHM\EHM\Debug\link.1996-cvtres.read.1.tlog
C:\Users\nayan\Desktop\EHM\EHM\Debug\link.1996-cvtres.write.1.tlog
C:\Users\nayan\Desktop\EHM\EHM\Debug\link.2088.read.1.tlog
C:\Users\nayan\Desktop\EHM\EHM\Debug\link.2088.write.1.tlog
C:\Users\nayan\Desktop\EHM\EHM\Debug\link.2088-cvtres.read.1.tlog
C:\Users\nayan\Desktop\EHM\EHM\Debug\link.2088-cvtres.write.1.tlog
C:\Users\nayan\Desktop\EHM\EHM\Debug\link.2104.read.1.tlog
C:\Users\nayan\Desktop\EHM\EHM\Debug\link.2104.write.1.tlog
C:\Users\nayan\Desktop\EHM\EHM\Debug\link.2104-cvtres.read.1.tlog
C:\Users\nayan\Desktop\EHM\EHM\Debug\link.2104-cvtres.write.1.tlog
C:\Users\nayan\Desktop\EHM\EHM\Debug\link.2164.read.1.tlog
C:\Users\nayan\Desktop\EHM\EHM\Debug\link.2164.write.1.tlog
C:\Users\nayan\Desktop\EHM\EHM\Debug\link.2164-cvtres.read.1.tlog
C:\Users\nayan\Desktop\EHM\EHM\Debug\link.2164-cvtres.write.1.tlog
C:\Users\nayan\Desktop\EHM\EHM\Debug\link.2240.read.1.tlog
C:\Users\nayan\Desktop\EHM\EHM\Debug\link.2240.write.1.tlog
C:\Users\nayan\Desktop\EHM\EHM\Debug\link.2240-cvtres.read.1.tlog
C:\Users\nayan\Desktop\EHM\EHM\Debug\link.2240-cvtres.write.1.tlog
C:\Users\nayan\Desktop\EHM\EHM\Debug\link.2396.read.1.tlog
C:\Users\nayan\Desktop\EHM\EHM\Debug\link.2396.write.1.tlog
C:\Users\nayan\Desktop\EHM\EHM\Debug\link.2396-cvtres.read.1.tlog
C:\Users\nayan\Desktop\EHM\EHM\Debug\link.2396-cvtres.write.1.tlog
C:\Users\nayan\Desktop\EHM\EHM\Debug\link.2404.read.1.tlog
C:\Users\nayan\Desktop\EHM\EHM\Debug\link.2404.write.1.tlog
C:\Users\nayan\Desktop\EHM\EHM\Debug\link.2404-cvtres.read.1.tlog
C:\Users\nayan\Desktop\EHM\EHM\Debug\link.2404-cvtres.write.1.tlog
C:\Users\nayan\Desktop\EHM\EHM\Debug\link.2512.read.1.tlog
C:\Users\nayan\Desktop\EHM\EHM\Debug\link.2512.write.1.tlog
C:\Users\nayan\Desktop\EHM\EHM\Debug\link.2512-cvtres.read.1.tlog
C:\Users\nayan\Desktop\EHM\EHM\Debug\link.2512-cvtres.write.1.tlog
C:\Users\nayan\Desktop\EHM\EHM\Debug\link.2576.read.1.tlog
C:\Users\nayan\Desktop\EHM\EHM\Debug\link.2576.write.1.tlog
C:\Users\nayan\Desktop\EHM\EHM\Debug\link.2576-cvtres.read.1.tlog
C:\Users\nayan\Desktop\EHM\EHM\Debug\link.2576-cvtres.write.1.tlog
C:\Users\nayan\Desktop\EHM\EHM\Debug\link.2676.read.1.tlog
C:\Users\nayan\Desktop\EHM\EHM\Debug\link.2676.write.1.tlog
C:\Users\nayan\Desktop\EHM\EHM\Debug\link.2676-cvtres.read.1.tlog
C:\Users\nayan\Desktop\EHM\EHM\Debug\link.2676-cvtres.write.1.tlog
C:\Users\nayan\Desktop\EHM\EHM\Debug\link.2680.read.1.tlog
C:\Users\nayan\Desktop\EHM\EHM\Debug\link.2680.write.1.tlog
C:\Users\nayan\Desktop\EHM\EHM\Debug\link.2680-cvtres.read.1.tlog
C:\Users\nayan\Desktop\EHM\EHM\Debug\link.2680-cvtres.write.1.tlog
C:\Users\nayan\Desktop\EHM\EHM\Debug\link.2792.read.1.tlog
C:\Users\nayan\Desktop\EHM\EHM\Debug\link.2792.write.1.tlog
C:\Users\nayan\Desktop\EHM\EHM\Debug\link.2792-cvtres.read.1.tlog
C:\Users\nayan\Desktop\EHM\EHM\Debug\link.2792-cvtres.write.1.tlog
C:\Users\nayan\Desktop\EHM\EHM\Debug\link.2996.read.1.tlog
C:\Users\nayan\Desktop\EHM\EHM\Debug\link.2996.write.1.tlog
C:\Users\nayan\Desktop\EHM\EHM\Debug\link.2996-cvtres.read.1.tlog
C:\Users\nayan\Desktop\EHM\EHM\Debug\link.2996-cvtres.write.1.tlog
C:\Users\nayan\Desktop\EHM\EHM\Debug\link.3024.read.1.tlog
C:\Users\nayan\Desktop\EHM\EHM\Debug\link.3024.write.1.tlog
C:\Users\nayan\Desktop\EHM\EHM\Debug\link.3024-cvtres.read.1.tlog
C:\Users\nayan\Desktop\EHM\EHM\Debug\link.3024-cvtres.write.1.tlog
C:\Users\nayan\Desktop\EHM\EHM\Debug\link.3240.read.1.tlog
C:\Users\nayan\Desktop\EHM\EHM\Debug\link.3240.write.1.tlog
C:\Users\nayan\Desktop\EHM\EHM\Debug\link.3240-cvtres.read.1.tlog
C:\Users\nayan\Desktop\EHM\EHM\Debug\link.3240-cvtres.write.1.tlog
C:\Users\nayan\Desktop\EHM\EHM\Debug\link.328.read.1.tlog
C:\Users\nayan\Desktop\EHM\EHM\Debug\link.328.write.1.tlog
C:\Users\nayan\Desktop\EHM\EHM\Debug\link.328-cvtres.read.1.tlog
C:\Users\nayan\Desktop\EHM\EHM\Debug\link.328-cvtres.write.1.tlog
C:\Users\nayan\Desktop\EHM\EHM\Debug\link.3480.read.1.tlog
C:\Users\nayan\Desktop\EHM\EHM\Debug\link.3480.write.1.tlog
C:\Users\nayan\Desktop\EHM\EHM\Debug\link.3480-cvtres.read.1.tlog
C:\Users\nayan\Desktop\EHM\EHM\Debug\link.3480-cvtres.write.1.tlog
C:\Users\nayan\Desktop\EHM\EHM\Debug\link.3612.read.1.tlog
C:\Users\nayan\Desktop\EHM\EHM\Debug\link.3612.write.1.tlog
C:\Users\nayan\Desktop\EHM\EHM\Debug\link.3612-cvtres.read.1.tlog
C:\Users\nayan\Desktop\EHM\EHM\Debug\link.3612-cvtres.write.1.tlog
C:\Users\nayan\Desktop\EHM\EHM\Debug\link.3728.read.1.tlog
C:\Users\nayan\Desktop\EHM\EHM\Debug\link.3728.write.1.tlog
C:\Users\nayan\Desktop\EHM\EHM\Debug\link.3728-cvtres.read.1.tlog
C:\Users\nayan\Desktop\EHM\EHM\Debug\link.3728-cvtres.write.1.tlog
C:\Users\nayan\Desktop\EHM\EHM\Debug\link.3768.read.1.tlog
C:\Users\nayan\Desktop\EHM\EHM\Debug\link.3768.write.1.tlog
C:\Users\nayan\Desktop\EHM\EHM\Debug\link.3768-cvtres.read.1.tlog
C:\Users\nayan\Desktop\EHM\EHM\Debug\link.3768-cvtres.write.1.tlog
C:\Users\nayan\Desktop\EHM\EHM\Debug\link.380.read.1.tlog
C:\Users\nayan\Desktop\EHM\EHM\Debug\link.380.write.1.tlog
C:\Users\nayan\Desktop\EHM\EHM\Debug\link.380-cvtres.read.1.tlog
C:\Users\nayan\Desktop\EHM\EHM\Debug\link.380-cvtres.write.1.tlog
C:\Users\nayan\Desktop\EHM\EHM\Debug\link.3812.read.1.tlog
C:\Users\nayan\Desktop\EHM\EHM\Debug\link.3812.write.1.tlog
C:\Users\nayan\Desktop\EHM\EHM\Debug\link.3812-cvtres.read.1.tlog
C:\Users\nayan\Desktop\EHM\EHM\Debug\link.3812-cvtres.write.1.tlog
C:\Users\nayan\Desktop\EHM\EHM\Debug\link.3816.read.1.tlog
C:\Users\nayan\Desktop\EHM\EHM\Debug\link.3816.write.1.tlog
C:\Users\nayan\Desktop\EHM\EHM\Debug\link.3816-cvtres.read.1.tlog
C:\Users\nayan\Desktop\EHM\EHM\Debug\link.3816-cvtres.write.1.tlog
C:\Users\nayan\Desktop\EHM\EHM\Debug\link.3828.read.1.tlog
C:\Users\nayan\Desktop\EHM\EHM\Debug\link.3828.write.1.tlog
C:\Users\nayan\Desktop\EHM\EHM\Debug\link.3828-cvtres.read.1.tlog
C:\Users\nayan\Desktop\EHM\EHM\Debug\link.3828-cvtres.write.1.tlog
C:\Users\nayan\Desktop\EHM\EHM\Debug\link.3836.read.1.tlog
C:\Users\nayan\Desktop\EHM\EHM\Debug\link.3836.write.1.tlog
C:\Users\nayan\Desktop\EHM\EHM\Debug\link.3836-cvtres.read.1.tlog
C:\Users\nayan\Desktop\EHM\EHM\Debug\link.3836-cvtres.write.1.tlog
C:\Users\nayan\Desktop\EHM\EHM\Debug\link.3860.read.1.tlog
C:\Users\nayan\Desktop\EHM\EHM\Debug\link.3860.write.1.tlog
C:\Users\nayan\Desktop\EHM\EHM\Debug\link.3860-cvtres.read.1.tlog
C:\Users\nayan\Desktop\EHM\EHM\Debug\link.3860-cvtres.write.1.tlog
C:\Users\nayan\Desktop\EHM\EHM\Debug\link.3876.read.1.tlog
C:\Users\nayan\Desktop\EHM\EHM\Debug\link.3876.write.1.tlog
C:\Users\nayan\Desktop\EHM\EHM\Debug\link.3876-cvtres.read.1.tlog
C:\Users\nayan\Desktop\EHM\EHM\Debug\link.3876-cvtres.write.1.tlog
C:\Users\nayan\Desktop\EHM\EHM\Debug\link.3936.read.1.tlog
C:\Users\nayan\Desktop\EHM\EHM\Debug\link.3936.write.1.tlog
C:\Users\nayan\Desktop\EHM\EHM\Debug\link.3936-cvtres.read.1.tlog
C:\Users\nayan\Desktop\EHM\EHM\Debug\link.3936-cvtres.write.1.tlog
C:\Users\nayan\Desktop\EHM\EHM\Debug\link.3976.read.1.tlog
C:\Users\nayan\Desktop\EHM\EHM\Debug\link.3976.write.1.tlog
C:\Users\nayan\Desktop\EHM\EHM\Debug\link.3976-cvtres.read.1.tlog
C:\Users\nayan\Desktop\EHM\EHM\Debug\link.3976-cvtres.write.1.tlog
C:\Users\nayan\Desktop\EHM\EHM\Debug\link.3984.read.1.tlog
C:\Users\nayan\Desktop\EHM\EHM\Debug\link.3984.write.1.tlog
C:\Users\nayan\Desktop\EHM\EHM\Debug\link.3984-cvtres.read.1.tlog
C:\Users\nayan\Desktop\EHM\EHM\Debug\link.3984-cvtres.write.1.tlog
C:\Users\nayan\Desktop\EHM\EHM\Debug\link.4004.read.1.tlog
C:\Users\nayan\Desktop\EHM\EHM\Debug\link.4004.write.1.tlog
C:\Users\nayan\Desktop\EHM\EHM\Debug\link.4004-cvtres.read.1.tlog
C:\Users\nayan\Desktop\EHM\EHM\Debug\link.4004-cvtres.write.1.tlog
C:\Users\nayan\Desktop\EHM\EHM\Debug\link.4008.read.1.tlog
C:\Users\nayan\Desktop\EHM\EHM\Debug\link.4008.write.1.tlog
C:\Users\nayan\Desktop\EHM\EHM\Debug\link.4008-cvtres.read.1.tlog
C:\Users\nayan\Desktop\EHM\EHM\Debug\link.4008-cvtres.write.1.tlog
C:\Users\nayan\Desktop\EHM\EHM\Debug\link.4024.read.1.tlog
C:\Users\nayan\Desktop\EHM\EHM\Debug\link.4024.write.1.tlog
C:\Users\nayan\Desktop\EHM\EHM\Debug\link.4024-cvtres.read.1.tlog
C:\Users\nayan\Desktop\EHM\EHM\Debug\link.4024-cvtres.write.1.tlog
C:\Users\nayan\Desktop\EHM\EHM\Debug\link.4452.read.1.tlog
C:\Users\nayan\Desktop\EHM\EHM\Debug\link.4452.write.1.tlog
C:\Users\nayan\Desktop\EHM\EHM\Debug\link.4452-cvtres.read.1.tlog
C:\Users\nayan\Desktop\EHM\EHM\Debug\link.4452-cvtres.write.1.tlog
C:\Users\nayan\Desktop\EHM\EHM\Debug\link.4492.read.1.tlog
C:\Users\nayan\Desktop\EHM\EHM\Debug\link.4492.write.1.tlog
C:\Users\nayan\Desktop\EHM\EHM\Debug\link.4492-cvtres.read.1.tlog
C:\Users\nayan\Desktop\EHM\EHM\Debug\link.4492-cvtres.write.1.tlog
C:\Users\nayan\Desktop\EHM\EHM\Debug\link.4548.read.1.tlog
C:\Users\nayan\Desktop\EHM\EHM\Debug\link.4548.write.1.tlog
C:\Users\nayan\Desktop\EHM\EHM\Debug\link.4548-cvtres.read.1.tlog
C:\Users\nayan\Desktop\EHM\EHM\Debug\link.4548-cvtres.write.1.tlog
C:\Users\nayan\Desktop\EHM\EHM\Debug\link.4696.read.1.tlog
C:\Users\nayan\Desktop\EHM\EHM\Debug\link.4696.write.1.tlog
C:\Users\nayan\Desktop\EHM\EHM\Debug\link.4696-cvtres.read.1.tlog
C:\Users\nayan\Desktop\EHM\EHM\Debug\link.4696-cvtres.write.1.tlog
C:\Users\nayan\Desktop\EHM\EHM\Debug\link.4700.read.1.tlog
C:\Users\nayan\Desktop\EHM\EHM\Debug\link.4700.write.1.tlog
C:\Users\nayan\Desktop\EHM\EHM\Debug\link.4700-cvtres.read.1.tlog
C:\Users\nayan\Desktop\EHM\EHM\Debug\link.4700-cvtres.write.1.tlog
C:\Users\nayan\Desktop\EHM\EHM\Debug\link.4840.read.1.tlog
C:\Users\nayan\Desktop\EHM\EHM\Debug\link.4840.write.1.tlog
C:\Users\nayan\Desktop\EHM\EHM\Debug\link.4840-cvtres.read.1.tlog
C:\Users\nayan\Desktop\EHM\EHM\Debug\link.4840-cvtres.write.1.tlog
C:\Users\nayan\Desktop\EHM\EHM\Debug\link.4980.read.1.tlog
C:\Users\nayan\Desktop\EHM\EHM\Debug\link.4980.write.1.tlog
C:\Users\nayan\Desktop\EHM\EHM\Debug\link.4980-cvtres.read.1.tlog
C:\Users\nayan\Desktop\EHM\EHM\Debug\link.4980-cvtres.write.1.tlog
C:\Users\nayan\Desktop\EHM\EHM\Debug\link.5268.read.1.tlog
C:\Users\nayan\Desktop\EHM\EHM\Debug\link.5268.write.1.tlog
C:\Users\nayan\Desktop\EHM\EHM\Debug\link.5268-cvtres.read.1.tlog
C:\Users\nayan\Desktop\EHM\EHM\Debug\link.5268-cvtres.write.1.tlog
C:\Users\nayan\Desktop\EHM\EHM\Debug\link.5436.read.1.tlog
C:\Users\nayan\Desktop\EHM\EHM\Debug\link.5436.write.1.tlog
C:\Users\nayan\Desktop\EHM\EHM\Debug\link.5436-cvtres.read.1.tlog
C:\Users\nayan\Desktop\EHM\EHM\Debug\link.5436-cvtres.write.1.tlog
C:\Users\nayan\Desktop\EHM\EHM\Debug\link.5508.read.1.tlog
C:\Users\nayan\Desktop\EHM\EHM\Debug\link.5508.write.1.tlog
C:\Users\nayan\Desktop\EHM\EHM\Debug\link.5508-cvtres.read.1.tlog
C:\Users\nayan\Desktop\EHM\EHM\Debug\link.5508-cvtres.write.1.tlog
C:\Users\nayan\Desktop\EHM\EHM\Debug\link.5728.read.1.tlog
C:\Users\nayan\Desktop\EHM\EHM\Debug\link.5728.write.1.tlog
C:\Users\nayan\Desktop\EHM\EHM\Debug\link.5728-cvtres.read.1.tlog
C:\Users\nayan\Desktop\EHM\EHM\Debug\link.5728-cvtres.write.1.tlog
C:\Users\nayan\Desktop\EHM\EHM\Debug\link.5736.read.1.tlog
C:\Users\nayan\Desktop\EHM\EHM\Debug\link.5736.write.1.tlog
C:\Users\nayan\Desktop\EHM\EHM\Debug\link.5736-cvtres.read.1.tlog
C:\Users\nayan\Desktop\EHM\EHM\Debug\link.5736-cvtres.write.1.tlog
C:\Users\nayan\Desktop\EHM\EHM\Debug\link.6908.read.1.tlog
C:\Users\nayan\Desktop\EHM\EHM\Debug\link.6908.write.1.tlog
C:\Users\nayan\Desktop\EHM\EHM\Debug\link.6908-cvtres.read.1.tlog
C:\Users\nayan\Desktop\EHM\EHM\Debug\link.6908-cvtres.write.1.tlog
C:\Users\nayan\Desktop\EHM\EHM\Debug\link.748.read.1.tlog
C:\Users\nayan\Desktop\EHM\EHM\Debug\link.748.write.1.tlog
C:\Users\nayan\Desktop\EHM\EHM\Debug\link.748-cvtres.read.1.tlog
C:\Users\nayan\Desktop\EHM\EHM\Debug\link.748-cvtres.write.1.tlog
C:\Users\nayan\Desktop\EHM\EHM\Debug\link.788.read.1.tlog
C:\Users\nayan\Desktop\EHM\EHM\Debug\link.788.write.1.tlog
C:\Users\nayan\Desktop\EHM\EHM\Debug\link.788-cvtres.read.1.tlog
C:\Users\nayan\Desktop\EHM\EHM\Debug\link.788-cvtres.write.1.tlog
C:\Users\nayan\Desktop\EHM\EHM\Debug\link.996.read.1.tlog
C:\Users\nayan\Desktop\EHM\EHM\Debug\link.996.write.1.tlog
C:\Users\nayan\Desktop\EHM\EHM\Debug\link.996-cvtres.read.1.tlog
C:\Users\nayan\Desktop\EHM\EHM\Debug\link.996-cvtres.write.1.tlog
C:\Users\nayan\Desktop\EHM\EHM\Debug\link.command.1.tlog
C:\Users\nayan\Desktop\EHM\EHM\Debug\link.read.1.tlog
C:\Users\nayan\Desktop\EHM\EHM\Debug\link.write.1.tlog
C:\USERS\NAYAN\DESKTOP\EHM\EHM\DEBUG\LOGIN.OBJ
C:\USERS\NAYAN\DESKTOP\EHM\EHM\DEBUG\MANAGER.OBJ
C:\USERS\NAYAN\DESKTOP\EHM\EHM\DEBUG\MANAGERPAGE.OBJ
C:\Users\nayan\Desktop\EHM\EHM\Debug\mt.command.1.tlog
C:\Users\nayan\Desktop\EHM\EHM\Debug\mt.read.1.tlog
C:\Users\nayan\Desktop\EHM\EHM\Debug\mt.write.1.tlog
C:\USERS\NAYAN\DESKTOP\EHM\EHM\DEBUG\NEWCITY.OBJ
C:\USERS\NAYAN\DESKTOP\EHM\EHM\DEBUG\PHYSICAL ENVIRONMENT AND INFRASTRUCTURE.OBJ
C:\Users\nayan\Desktop\EHM\EHM\Debug\rc.command.1.tlog
C:\Users\nayan\Desktop\EHM\EHM\Debug\rc.read.1.tlog
C:\Users\nayan\Desktop\EHM\EHM\Debug\rc.write.1.tlog
C:\USERS\NAYAN\DESKTOP\EHM\EHM\DEBUG\REGISTRATION.OBJ
C:\USERS\NAYAN\DESKTOP\EHM\EHM\DEBUG\SOCIAL AND HUMAN DEVELOPMENT.OBJ
C:\USERS\NAYAN\DESKTOP\EHM\EHM\DEBUG\STDAFX.OBJ
C:\USERS\NAYAN\DESKTOP\EHM\EHM\DEBUG\VC100.PDB
F:\BACK UP................................................................................................BACK UP\2012-10-29\TEMPORARY\NEW FOLDER\EHM\DEBUG\EHM.EXE
F:\BACK UP................................................................................................BACK UP\2012-10-29\TEMPORARY\NEW FOLDER\EHM\DEBUG\EHM.ILK
F:\BACK UP................................................................................................BACK UP\2012-10-29\TEMPORARY\NEW FOLDER\EHM\DEBUG\EHM.PDB
F:\BACK UP................................................................................................BACK UP\2012-10-29\TEMPORARY\NEW FOLDER\EHM\EHM\DEBUG\.NETFRAMEWORK,VERSION=V4.0.ASSEMBLYATTRIBUTES.OBJ
F:\BACK UP................................................................................................BACK UP\2012-10-29\TEMPORARY\NEW FOLDER\EHM\EHM\DEBUG\ABOUTUS.OBJ
F:\BACK UP................................................................................................BACK UP\2012-10-29\TEMPORARY\NEW FOLDER\EHM\EHM\DEBUG\ACCESSALLCITIES.OBJ
F:\BACK UP................................................................................................BACK UP\2012-10-29\TEMPORARY\NEW FOLDER\EHM\EHM\DEBUG\ADMIN.OBJ
F:\BACK UP................................................................................................BACK UP\2012-10-29\TEMPORARY\NEW FOLDER\EHM\EHM\DEBUG\ADMINPAGE.OBJ
F:\BACK UP................................................................................................BACK UP\2012-10-29\TEMPORARY\NEW FOLDER\EHM\EHM\DEBUG\APP.RES
F:\BACK UP................................................................................................BACK UP\2012-10-29\TEMPORARY\NEW FOLDER\EHM\EHM\DEBUG\ASSEMBLYINFO.OBJ
F:\BACK UP................................................................................................BACK UP\2012-10-29\TEMPORARY\NEW FOLDER\EHM\EHM\DEBUG\CHANGECITYINFO.OBJ
F:\BACK UP................................................................................................BACK UP\2012-10-29\TEMPORARY\NEW FOLDER\EHM\EHM\DEBUG\CHANGECITYNAME.OBJ
F:\BACK UP................................................................................................BACK UP\2012-10-29\TEMPORARY\NEW FOLDER\EHM\EHM\DEBUG\CHANGEUSERINFO.OBJ
F:\BACK UP................................................................................................BACK UP\2012-10-29\TEMPORARY\NEW FOLDER\EHM\EHM\DEBUG\CITYDATAANALYSIS.OBJ
F:\BACK UP................................................................................................BACK UP\2012-10-29\TEMPORARY\NEW FOLDER\EHM\EHM\DEBUG\CITYPHYSICALENVIRONMENTANDINFRASTRUCTURE.OBJ
F:\BACK UP................................................................................................BACK UP\2012-10-29\TEMPORARY\NEW FOLDER\EHM\EHM\DEBUG\COMMENTSECONOMIC.OBJ
F:\BACK UP................................................................................................BACK UP\2012-10-29\TEMPORARY\NEW FOLDER\EHM\EHM\DEBUG\CONTACTUS.OBJ
F:\BACK UP................................................................................................BACK UP\2012-10-29\TEMPORARY\NEW FOLDER\EHM\EHM\DEBUG\DATABASE.OBJ
F:\BACK UP................................................................................................BACK UP\2012-10-29\TEMPORARY\NEW FOLDER\EHM\EHM\DEBUG\DATAECONOMIC.OBJ
F:\BACK UP................................................................................................BACK UP\2012-10-29\TEMPORARY\NEW FOLDER\EHM\EHM\DEBUG\DATAGOVERNANCE.OBJ
F:\BACK UP................................................................................................BACK UP\2012-10-29\TEMPORARY\NEW FOLDER\EHM\EHM\DEBUG\DATAHEALTHCAREOUTCOMES.OBJ
F:\BACK UP................................................................................................BACK UP\2012-10-29\TEMPORARY\NEW FOLDER\EHM\EHM\DEBUG\DATAPHYSICALENVIRONMENTANDINFRASTRUCTURE.OBJ
F:\BACK UP................................................................................................BACK UP\2012-10-29\TEMPORARY\NEW FOLDER\EHM\EHM\DEBUG\DATASOCIALANDHUMANDEVELOPMENT.OBJ
F:\BACK UP................................................................................................BACK UP\2012-10-29\TEMPORARY\NEW FOLDER\EHM\EHM\DEBUG\DELETECITY.OBJ
F:\BACK UP................................................................................................BACK UP\2012-10-29\TEMPORARY\NEW FOLDER\EHM\EHM\DEBUG\DELETEUSER.OBJ
F:\BACK UP................................................................................................BACK UP\2012-10-29\TEMPORARY\NEW FOLDER\EHM\EHM\DEBUG\DISPALYECONOMIC.OBJ
F:\BACK UP................................................................................................BACK UP\2012-10-29\TEMPORARY\NEW FOLDER\EHM\EHM\DEBUG\DISPALYGOVERNANCE.OBJ
F:\BACK UP................................................................................................BACK UP\2012-10-29\TEMPORARY\NEW FOLDER\EHM\EHM\DEBUG\DISPALYHEALTHCAREOUTCOMES.OBJ
F:\BACK UP................................................................................................BACK UP\2012-10-29\TEMPORARY\NEW FOLDER\EHM\EHM\DEBUG\DISPALYPHYSICALENVIRONMENTANDINFRASTRUCTURE.OBJ
F:\BACK UP................................................................................................BACK UP\2012-10-29\TEMPORARY\NEW FOLDER\EHM\EHM\DEBUG\DISPALYSOCIALANDHUMANDEVELOPMENT.OBJ
F:\BACK UP................................................................................................BACK UP\2012-10-29\TEMPORARY\NEW FOLDER\EHM\EHM\DEBUG\ECONOMIC.OBJ
F:\BACK UP................................................................................................BACK UP\2012-10-29\TEMPORARY\NEW FOLDER\EHM\EHM\DEBUG\EHM.ABOUTUS.RESOURCES
F:\BACK UP................................................................................................BACK UP\2012-10-29\TEMPORARY\NEW FOLDER\EHM\EHM\DEBUG\EHM.ACCESSALLCITIES.RESOURCES
F:\BACK UP................................................................................................BACK UP\2012-10-29\TEMPORARY\NEW FOLDER\EHM\EHM\DEBUG\EHM.ADMINPAGE.RESOURCES
F:\BACK UP................................................................................................BACK UP\2012-10-29\TEMPORARY\NEW FOLDER\EHM\EHM\DEBUG\EHM.CHANGECITYINFO.RESOURCES
F:\BACK UP................................................................................................BACK UP\2012-10-29\TEMPORARY\NEW FOLDER\EHM\EHM\DEBUG\EHM.CHANGECITYNAME.RESOURCES
F:\BACK UP................................................................................................BACK UP\2012-10-29\TEMPORARY\NEW FOLDER\EHM\EHM\DEBUG\EHM.CHANGEUSERINFO.RESOURCES
F:\BACK UP................................................................................................BACK UP\2012-10-29\TEMPORARY\NEW FOLDER\EHM\EHM\DEBUG\EHM.CONTACTUS.RESOURCES
F:\BACK UP................................................................................................BACK UP\2012-10-29\TEMPORARY\NEW FOLDER\EHM\EHM\DEBUG\EHM.DATABASE.RESOURCES
F:\BACK UP................................................................................................BACK UP\2012-10-29\TEMPORARY\NEW FOLDER\EHM\EHM\DEBUG\EHM.DATAECONOMIC.RESOURCES
F:\BACK UP................................................................................................BACK UP\2012-10-29\TEMPORARY\NEW FOLDER\EHM\EHM\DEBUG\EHM.DATAGOVERNANCE.RESOURCES
F:\BACK UP................................................................................................BACK UP\2012-10-29\TEMPORARY\NEW FOLDER\EHM\EHM\DEBUG\EHM.DATAHEALTHCAREOUTCOMES.RESOURCES
F:\BACK UP................................................................................................BACK UP\2012-10-29\TEMPORARY\NEW FOLDER\EHM\EHM\DEBUG\EHM.DATAPHYSICALENVIRONMENTANDINFRASTRUCTURE.RESOURCES
F:\BACK UP................................................................................................BACK UP\2012-10-29\TEMPORARY\NEW FOLDER\EHM\EHM\DEBUG\EHM.DATASOCIALANDHUMANDEVELOPMENT.RESOURCES
F:\BACK UP................................................................................................BACK UP\2012-10-29\TEMPORARY\NEW FOLDER\EHM\EHM\DEBUG\EHM.DELETECITY.RESOURCES
F:\BACK UP................................................................................................BACK UP\2012-10-29\TEMPORARY\NEW FOLDER\EHM\EHM\DEBUG\EHM.DELETEUSER.RESOURCES
F:\BACK UP................................................................................................BACK UP\2012-10-29\TEMPORARY\NEW FOLDER\EHM\EHM\DEBUG\EHM.DISPALYECONOMIC.RESOURCES
F:\BACK UP................................................................................................BACK UP\2012-10-29\TEMPORARY\NEW FOLDER\EHM\EHM\DEBUG\EHM.DISPALYGOVERNANCE.RESOURCES
F:\BACK UP................................................................................................BACK UP\2012-10-29\TEMPORARY\NEW FOLDER\EHM\EHM\DEBUG\EHM.DISPALYHEALTHCAREOUTCOMES.RESOURCES
F:\BACK UP................................................................................................BACK UP\2012-10-29\TEMPORARY\NEW FOLDER\EHM\EHM\DEBUG\EHM.DISPALYPHYSICALENVIRONMENTANDINFRASTRUCTURE.RESOURCES
F:\BACK UP................................................................................................BACK UP\2012-10-29\TEMPORARY\NEW FOLDER\EHM\EHM\DEBUG\EHM.DISPALYSOCIALANDHUMANDEVELOPMENT.RESOURCES
F:\BACK UP................................................................................................BACK UP\2012-10-29\TEMPORARY\NEW FOLDER\EHM\EHM\DEBUG\EHM.ECONOMIC.RESOURCES
F:\BACK UP................................................................................................BACK UP\2012-10-29\TEMPORARY\NEW FOLDER\EHM\EHM\DEBUG\EHM.EXE.INTERMEDIATE.MANIFEST
F:\BACK UP................................................................................................BACK UP\2012-10-29\TEMPORARY\NEW FOLDER\EHM\EHM\DEBUG\EHM.GOVERNANCE.RESOURCES
F:\BACK UP................................................................................................BACK UP\2012-10-29\TEMPORARY\NEW FOLDER\EHM\EHM\DEBUG\EHM.HEALTH CARE OUTCOMES.RESOURCES
F:\BACK UP................................................................................................BACK UP\2012-10-29\TEMPORARY\NEW FOLDER\EHM\EHM\DEBUG\EHM.LOGIN.RESOURCES
F:\BACK UP................................................................................................BACK UP\2012-10-29\TEMPORARY\NEW FOLDER\EHM\EHM\DEBUG\EHM.MANAGERPAGE.RESOURCES
F:\BACK UP................................................................................................BACK UP\2012-10-29\TEMPORARY\NEW FOLDER\EHM\EHM\DEBUG\EHM.NEWCITY.RESOURCES
F:\BACK UP................................................................................................BACK UP\2012-10-29\TEMPORARY\NEW FOLDER\EHM\EHM\DEBUG\EHM.OBJ
F:\BACK UP................................................................................................BACK UP\2012-10-29\TEMPORARY\NEW FOLDER\EHM\EHM\DEBUG\EHM.PCH
F:\BACK UP................................................................................................BACK UP\2012-10-29\TEMPORARY\NEW FOLDER\EHM\EHM\DEBUG\EHM.PHYSICAL ENVIRONMENT AND INFRASTRUCTURE.RESOURCES
F:\BACK UP................................................................................................BACK UP\2012-10-29\TEMPORARY\NEW FOLDER\EHM\EHM\DEBUG\EHM.REGISTRATION.RESOURCES
F:\BACK UP................................................................................................BACK UP\2012-10-29\TEMPORARY\NEW FOLDER\EHM\EHM\DEBUG\EHM.SOCIAL AND HUMAN DEVELOPMENT.RESOURCES
F:\BACK UP................................................................................................BACK UP\2012-10-29\TEMPORARY\NEW FOLDER\EHM\EHM\DEBUG\GOVERNANCE.OBJ
F:\BACK UP................................................................................................BACK UP\2012-10-29\TEMPORARY\NEW FOLDER\EHM\EHM\DEBUG\HEALTH CARE OUTCOMES.OBJ
F:\BACK UP................................................................................................BACK UP\2012-10-29\TEMPORARY\NEW FOLDER\EHM\EHM\DEBUG\HELPFILE.OBJ
F:\BACK UP................................................................................................BACK UP\2012-10-29\TEMPORARY\NEW FOLDER\EHM\EHM\DEBUG\LOGIN.OBJ
F:\BACK UP................................................................................................BACK UP\2012-10-29\TEMPORARY\NEW FOLDER\EHM\EHM\DEBUG\MANAGER.OBJ
F:\BACK UP................................................................................................BACK UP\2012-10-29\TEMPORARY\NEW FOLDER\EHM\EHM\DEBUG\MANAGERPAGE.OBJ
F:\BACK UP................................................................................................BACK UP\2012-10-29\TEMPORARY\NEW FOLDER\EHM\EHM\DEBUG\NEWCITY.OBJ
F:\BACK UP................................................................................................BACK UP\2012-10-29\TEMPORARY\NEW FOLDER\EHM\EHM\DEBUG\PHYSICAL ENVIRONMENT AND INFRASTRUCTURE.OBJ
F:\BACK UP................................................................................................BACK UP\2012-10-29\TEMPORARY\NEW FOLDER\EHM\EHM\DEBUG\REGISTRATION.OBJ
F:\BACK UP................................................................................................BACK UP\2012-10-29\TEMPORARY\NEW FOLDER\EHM\EHM\DEBUG\SOCIAL AND HUMAN DEVELOPMENT.OBJ
F:\BACK UP................................................................................................BACK UP\2012-10-29\TEMPORARY\NEW FOLDER\EHM\EHM\DEBUG\STDAFX.OBJ
F:\BACK UP................................................................................................BACK UP\2012-10-29\TEMPORARY\NEW FOLDER\EHM\EHM\DEBUG\VC100.PDB
